<?xml version="1.0" encoding="UTF-8"?>
<!-- Generated by org.testng.reporters.JUnitReportReporter -->
<testsuite hostname="DESKTOP-HUIK8F3" failures="0" tests="4" name="DynamicJson" time="4.461" errors="0" timestamp="2023-07-01T21:41:41 IST" skipped="1">
  <testcase classname="DynamicJson" name="AddBook" time="3.842"/>
  <testcase classname="DynamicJson" name="AddBook" time="0.353"/>
  <testcase classname="DynamicJson" name="AddBook" time="0.266"/>
  <testcase classname="DynamicJson" name="getBook">
    <skipped/>
  </testcase> <!-- getBook -->
</testsuite> <!-- DynamicJson -->
