<?xml version="1.0" encoding="UTF-8"?>
<!-- Generated by org.testng.reporters.JUnitReportReporter -->
<testsuite hostname="DESKTOP-HUIK8F3" failures="0" tests="1" name="Files.SumValidation" time="2.564" errors="0" timestamp="2023-07-01T17:59:14 IST" skipped="0">
  <testcase classname="Files.SumValidation" name="sumOfCourses" time="2.564"/>
</testsuite> <!-- Files.SumValidation -->
